<?xml version="1.0" encoding="UTF-8"?>
<testng-results ignored="0" total="2" passed="2" failed="0" skipped="0">
  <reporter-output>
  </reporter-output>
  <suite started-at="2021-10-22T23:48:40Z" name="Command line suite" finished-at="2021-10-22T23:48:47Z" duration-ms="6475">
    <groups>
    </groups>
    <test started-at="2021-10-22T23:48:40Z" name="Command line test" finished-at="2021-10-22T23:48:47Z" duration-ms="6475">
      <class name="com.foodbox.NewTest">
        <test-method is-config="true" signature="beforeTest()[pri:0, instance:com.foodbox.NewTest@50eac852]" started-at="2021-10-22T23:48:40Z" name="beforeTest" finished-at="2021-10-22T23:48:42Z" duration-ms="2044" status="PASS">
          <reporter-output>
          </reporter-output>
        </test-method> <!-- beforeTest -->
        <test-method signature="dashboardTest()[pri:0, instance:com.foodbox.NewTest@50eac852]" started-at="2021-10-22T23:48:42Z" name="dashboardTest" finished-at="2021-10-22T23:48:45Z" duration-ms="3117" status="PASS">
          <reporter-output>
          </reporter-output>
        </test-method> <!-- dashboardTest -->
        <test-method signature="frameTest()[pri:0, instance:com.foodbox.NewTest@50eac852]" started-at="2021-10-22T23:48:45Z" name="frameTest" finished-at="2021-10-22T23:48:46Z" duration-ms="485" status="PASS">
          <reporter-output>
          </reporter-output>
        </test-method> <!-- frameTest -->
        <test-method is-config="true" signature="afterTest()[pri:0, instance:com.foodbox.NewTest@50eac852]" started-at="2021-10-22T23:48:46Z" name="afterTest" finished-at="2021-10-22T23:48:47Z" duration-ms="783" status="PASS">
          <reporter-output>
          </reporter-output>
        </test-method> <!-- afterTest -->
      </class> <!-- com.foodbox.NewTest -->
    </test> <!-- Command line test -->
  </suite> <!-- Command line suite -->
</testng-results>
